# JRE version: OpenJDK Runtime Environment (8.0_191-b12) (build 1.8.0_191-8u191-b12-2ubuntu0.18.04.1-b12)
# Java VM: OpenJDK 64-Bit Server VM (25.191-b12 mixed mode linux-amd64 compressed oops)
Heap:
 PSYoungGen      total 1043968K, used 447024K [0x000000076ca00000, 0x00000007b0a00000, 0x00000007c0000000)
  eden space 991744K, 44% used [0x000000076ca00000,0x0000000787afc298,0x00000007a9280000)
  from space 52224K, 6% used [0x00000007a9280000,0x00000007a9610000,0x00000007ac580000)
  to   space 49664K, 0% used [0x00000007ad980000,0x00000007ad980000,0x00000007b0a00000)
 ParOldGen       total 320000K, used 173585K [0x00000006c5e00000, 0x00000006d9680000, 0x000000076ca00000)
  object space 320000K, 54% used [0x00000006c5e00000,0x00000006d0784738,0x00000006d9680000)
 Metaspace       used 62061K, capacity 63199K, committed 63360K, reserved 1105920K
  class space    used 7432K, capacity 7752K, committed 7808K, reserved 1048576K
GC Heap History (10 events):
Event: 74,407 GC heap before
{Heap before GC invocations=29 (full 6):
 PSYoungGen      total 969216K, used 925376K [0x000000076ca00000, 0x00000007ac780000, 0x00000007c0000000)
  eden space 922112K, 100% used [0x000000076ca00000,0x00000007a4e80000,0x00000007a4e80000)
  from space 47104K, 6% used [0x00000007a9980000,0x00000007a9cb0000,0x00000007ac780000)
  to   space 61952K, 0% used [0x00000007a4e80000,0x00000007a4e80000,0x00000007a8b00000)
 ParOldGen       total 320000K, used 173561K [0x00000006c5e00000, 0x00000006d9680000, 0x000000076ca00000)
  object space 320000K, 54% used [0x00000006c5e00000,0x00000006d077e738,0x00000006d9680000)
 Metaspace       used 61987K, capacity 63199K, committed 63360K, reserved 1105920K
  class space    used 7431K, capacity 7752K, committed 7808K, reserved 1048576K
Event: 74,414 GC heap after
Heap after GC invocations=29 (full 6):
 PSYoungGen      total 984064K, used 3296K [0x000000076ca00000, 0x00000007af600000, 0x00000007c0000000)
  eden space 922112K, 0% used [0x000000076ca00000,0x000000076ca00000,0x00000007a4e80000)
  from space 61952K, 5% used [0x00000007a4e80000,0x00000007a51b8000,0x00000007a8b00000)
  to   space 59904K, 0% used [0x00000007abb80000,0x00000007abb80000,0x00000007af600000)
 ParOldGen       total 320000K, used 173569K [0x00000006c5e00000, 0x00000006d9680000, 0x000000076ca00000)
  object space 320000K, 54% used [0x00000006c5e00000,0x00000006d0780738,0x00000006d9680000)
 Metaspace       used 61987K, capacity 63199K, committed 63360K, reserved 1105920K
  class space    used 7431K, capacity 7752K, committed 7808K, reserved 1048576K
}
Event: 84,675 GC heap before
{Heap before GC invocations=30 (full 6):
 PSYoungGen      total 984064K, used 925408K [0x000000076ca00000, 0x00000007af600000, 0x00000007c0000000)
  eden space 922112K, 100% used [0x000000076ca00000,0x00000007a4e80000,0x00000007a4e80000)
  from space 61952K, 5% used [0x00000007a4e80000,0x00000007a51b8000,0x00000007a8b00000)
  to   space 59904K, 0% used [0x00000007abb80000,0x00000007abb80000,0x00000007af600000)
 ParOldGen       total 320000K, used 173569K [0x00000006c5e00000, 0x00000006d9680000, 0x000000076ca00000)
  object space 320000K, 54% used [0x00000006c5e00000,0x00000006d0780738,0x00000006d9680000)
 Metaspace       used 61994K, capacity 63199K, committed 63360K, reserved 1105920K
  class space    used 7431K, capacity 7752K, committed 7808K, reserved 1048576K
Event: 84,686 GC heap after
Heap after GC invocations=30 (full 6):
 PSYoungGen      total 1009152K, used 3456K [0x000000076ca00000, 0x00000007ae780000, 0x00000007c0000000)
  eden space 964096K, 0% used [0x000000076ca00000,0x000000076ca00000,0x00000007a7780000)
  from space 45056K, 7% used [0x00000007abb80000,0x00000007abee0000,0x00000007ae780000)
  to   space 57344K, 0% used [0x00000007a7780000,0x00000007a7780000,0x00000007aaf80000)
 ParOldGen       total 320000K, used 173569K [0x00000006c5e00000, 0x00000006d9680000, 0x000000076ca00000)
  object space 320000K, 54% used [0x00000006c5e00000,0x00000006d0780738,0x00000006d9680000)
 Metaspace       used 61994K, capacity 63199K, committed 63360K, reserved 1105920K
  class space    used 7431K, capacity 7752K, committed 7808K, reserved 1048576K
}
Event: 95,559 GC heap before
{Heap before GC invocations=31 (full 6):
 PSYoungGen      total 1009152K, used 967552K [0x000000076ca00000, 0x00000007ae780000, 0x00000007c0000000)
  eden space 964096K, 100% used [0x000000076ca00000,0x00000007a7780000,0x00000007a7780000)
  from space 45056K, 7% used [0x00000007abb80000,0x00000007abee0000,0x00000007ae780000)
  to   space 57344K, 0% used [0x00000007a7780000,0x00000007a7780000,0x00000007aaf80000)
 ParOldGen       total 320000K, used 173569K [0x00000006c5e00000, 0x00000006d9680000, 0x000000076ca00000)
  object space 320000K, 54% used [0x00000006c5e00000,0x00000006d0780738,0x00000006d9680000)
 Metaspace       used 62009K, capacity 63199K, committed 63360K, reserved 1105920K
  class space    used 7431K, capacity 7752K, committed 7808K, reserved 1048576K
Event: 95,567 GC heap after
Heap after GC invocations=31 (full 6):
 PSYoungGen      total 1021440K, used 3456K [0x000000076ca00000, 0x00000007b0500000, 0x00000007c0000000)
  eden space 964096K, 0% used [0x000000076ca00000,0x000000076ca00000,0x00000007a7780000)
  from space 57344K, 6% used [0x00000007a7780000,0x00000007a7ae0000,0x00000007aaf80000)
  to   space 54784K, 0% used [0x00000007acf80000,0x00000007acf80000,0x00000007b0500000)
 ParOldGen       total 320000K, used 173577K [0x00000006c5e00000, 0x00000006d9680000, 0x000000076ca00000)
  object space 320000K, 54% used [0x00000006c5e00000,0x00000006d0782738,0x00000006d9680000)
 Metaspace       used 62009K, capacity 63199K, committed 63360K, reserved 1105920K
  class space    used 7431K, capacity 7752K, committed 7808K, reserved 1048576K
}
Event: 106,299 GC heap before
{Heap before GC invocations=32 (full 6):
 PSYoungGen      total 1021440K, used 967552K [0x000000076ca00000, 0x00000007b0500000, 0x00000007c0000000)
  eden space 964096K, 100% used [0x000000076ca00000,0x00000007a7780000,0x00000007a7780000)
  from space 57344K, 6% used [0x00000007a7780000,0x00000007a7ae0000,0x00000007aaf80000)
  to   space 54784K, 0% used [0x00000007acf80000,0x00000007acf80000,0x00000007b0500000)
 ParOldGen       total 320000K, used 173577K [0x00000006c5e00000, 0x00000006d9680000, 0x000000076ca00000)
  object space 320000K, 54% used [0x00000006c5e00000,0x00000006d0782738,0x00000006d9680000)
 Metaspace       used 62032K, capacity 63199K, committed 63360K, reserved 1105920K
  class space    used 7431K, capacity 7752K, committed 7808K, reserved 1048576K
Event: 106,303 GC heap after
Heap after GC invocations=32 (full 6):
 PSYoungGen      total 1033728K, used 3872K [0x000000076ca00000, 0x00000007af880000, 0x00000007c0000000)
  eden space 991744K, 0% used [0x000000076ca00000,0x000000076ca00000,0x00000007a9280000)
  from space 41984K, 9% used [0x00000007acf80000,0x00000007ad348000,0x00000007af880000)
  to   space 52224K, 0% used [0x00000007a9280000,0x00000007a9280000,0x00000007ac580000)
 ParOldGen       total 320000K, used 173577K [0x00000006c5e00000, 0x00000006d9680000, 0x000000076ca00000)
  object space 320000K, 54% used [0x00000006c5e00000,0x00000006d0782738,0x00000006d9680000)
 Metaspace       used 62032K, capacity 63199K, committed 63360K, reserved 1105920K
  class space    used 7431K, capacity 7752K, committed 7808K, reserved 1048576K
}
Event: 117,317 GC heap before
{Heap before GC invocations=33 (full 6):
 PSYoungGen      total 1033728K, used 995616K [0x000000076ca00000, 0x00000007af880000, 0x00000007c0000000)
  eden space 991744K, 100% used [0x000000076ca00000,0x00000007a9280000,0x00000007a9280000)
  from space 41984K, 9% used [0x00000007acf80000,0x00000007ad348000,0x00000007af880000)
  to   space 52224K, 0% used [0x00000007a9280000,0x00000007a9280000,0x00000007ac580000)
 ParOldGen       total 320000K, used 173577K [0x00000006c5e00000, 0x00000006d9680000, 0x000000076ca00000)
  object space 320000K, 54% used [0x00000006c5e00000,0x00000006d0782738,0x00000006d9680000)
 Metaspace       used 62050K, capacity 63199K, committed 63360K, reserved 1105920K
  class space    used 7431K, capacity 7752K, committed 7808K, reserved 1048576K
Event: 117,325 GC heap after
Heap after GC invocations=33 (full 6):
 PSYoungGen      total 1043968K, used 3648K [0x000000076ca00000, 0x00000007b0a00000, 0x00000007c0000000)
  eden space 991744K, 0% used [0x000000076ca00000,0x000000076ca00000,0x00000007a9280000)
  from space 52224K, 6% used [0x00000007a9280000,0x00000007a9610000,0x00000007ac580000)
  to   space 49664K, 0% used [0x00000007ad980000,0x00000007ad980000,0x00000007b0a00000)
 ParOldGen       total 320000K, used 173585K [0x00000006c5e00000, 0x00000006d9680000, 0x000000076ca00000)
  object space 320000K, 54% used [0x00000006c5e00000,0x00000006d0784738,0x00000006d9680000)
 Metaspace       used 62050K, capacity 63199K, committed 63360K, reserved 1105920K
  class space    used 7431K, capacity 7752K, committed 7808K, reserved 1048576K
}

